2021-03-10 17:43:03.0647|ERROR|TiendaJapSoftware.Server.Repositorio.RepositorioGeneral|Se produjo un error al dar de alta nuestro usuario en nuestra BBDD :System.Data.SqlClient.SqlException (0x80131904): El usuario especificado ya existe japsoftware@gmail.com
   at System.Data.SqlClient.SqlConnection.OnError(SqlException exception, Boolean breakConnection, Action`1 wrapCloseInAction)
   at System.Data.SqlClient.SqlInternalConnection.OnError(SqlException exception, Boolean breakConnection, Action`1 wrapCloseInAction)
   at System.Data.SqlClient.TdsParser.ThrowExceptionAndWarning(TdsParserStateObject stateObj, Boolean callerHasConnectionLock, Boolean asyncClose)
   at System.Data.SqlClient.TdsParser.TryRun(RunBehavior runBehavior, SqlCommand cmdHandler, SqlDataReader dataStream, BulkCopySimpleResultSet bulkCopyHandler, TdsParserStateObject stateObj, Boolean& dataReady)
   at System.Data.SqlClient.SqlCommand.FinishExecuteReader(SqlDataReader ds, RunBehavior runBehavior, String resetOptionsString)
   at System.Data.SqlClient.SqlCommand.CompleteAsyncExecuteReader()
   at System.Data.SqlClient.SqlCommand.EndExecuteNonQueryInternal(IAsyncResult asyncResult)
   at System.Data.SqlClient.SqlCommand.EndExecuteNonQuery(IAsyncResult asyncResult)
   at System.Threading.Tasks.TaskFactory`1.FromAsyncCoreLogic(IAsyncResult iar, Func`2 endFunction, Action`1 endAction, Task`1 promise, Boolean requiresSynchronization)
--- End of stack trace from previous location ---
   at TiendaJapSoftware.Server.Repositorio.RepositorioGeneral.AltaUsuario(Usuario u) in D:\Videos\Ejemplos codigo\TiendaJapSoftware\TiendaJapSoftware\Server\Repositorio\RepositorioGeneral.cs:line 99
ClientConnectionId:e59d746a-a384-4f4d-b885-ba21fbac7a0b
Error Number:50000,State:1,Class:16
2021-03-10 17:43:18.3499|ERROR|TiendaJapSoftware.Server.Repositorio.RepositorioGeneral|Se produjo un error al dar de alta nuestro usuario en nuestra BBDD :System.Data.SqlClient.SqlException (0x80131904): El usuario especificado ya existe japsoftware@gmail.com
   at System.Data.SqlClient.SqlConnection.OnError(SqlException exception, Boolean breakConnection, Action`1 wrapCloseInAction)
   at System.Data.SqlClient.SqlInternalConnection.OnError(SqlException exception, Boolean breakConnection, Action`1 wrapCloseInAction)
   at System.Data.SqlClient.TdsParser.ThrowExceptionAndWarning(TdsParserStateObject stateObj, Boolean callerHasConnectionLock, Boolean asyncClose)
   at System.Data.SqlClient.TdsParser.TryRun(RunBehavior runBehavior, SqlCommand cmdHandler, SqlDataReader dataStream, BulkCopySimpleResultSet bulkCopyHandler, TdsParserStateObject stateObj, Boolean& dataReady)
   at System.Data.SqlClient.SqlCommand.FinishExecuteReader(SqlDataReader ds, RunBehavior runBehavior, String resetOptionsString)
   at System.Data.SqlClient.SqlCommand.CompleteAsyncExecuteReader()
   at System.Data.SqlClient.SqlCommand.EndExecuteNonQueryInternal(IAsyncResult asyncResult)
   at System.Data.SqlClient.SqlCommand.EndExecuteNonQuery(IAsyncResult asyncResult)
   at System.Threading.Tasks.TaskFactory`1.FromAsyncCoreLogic(IAsyncResult iar, Func`2 endFunction, Action`1 endAction, Task`1 promise, Boolean requiresSynchronization)
--- End of stack trace from previous location ---
   at TiendaJapSoftware.Server.Repositorio.RepositorioGeneral.AltaUsuario(Usuario u) in D:\Videos\Ejemplos codigo\TiendaJapSoftware\TiendaJapSoftware\Server\Repositorio\RepositorioGeneral.cs:line 99
ClientConnectionId:e59d746a-a384-4f4d-b885-ba21fbac7a0b
Error Number:50000,State:1,Class:16
2021-03-10 17:44:43.0348|ERROR|TiendaJapSoftware.Server.Repositorio.RepositorioGeneral|Se produjo un error al dar de alta nuestro usuario en nuestra BBDD :System.Data.SqlClient.SqlException (0x80131904): El usuario especificado ya existe japsoftware@gmail.com
   at System.Data.SqlClient.SqlConnection.OnError(SqlException exception, Boolean breakConnection, Action`1 wrapCloseInAction)
   at System.Data.SqlClient.SqlInternalConnection.OnError(SqlException exception, Boolean breakConnection, Action`1 wrapCloseInAction)
   at System.Data.SqlClient.TdsParser.ThrowExceptionAndWarning(TdsParserStateObject stateObj, Boolean callerHasConnectionLock, Boolean asyncClose)
   at System.Data.SqlClient.TdsParser.TryRun(RunBehavior runBehavior, SqlCommand cmdHandler, SqlDataReader dataStream, BulkCopySimpleResultSet bulkCopyHandler, TdsParserStateObject stateObj, Boolean& dataReady)
   at System.Data.SqlClient.SqlCommand.FinishExecuteReader(SqlDataReader ds, RunBehavior runBehavior, String resetOptionsString)
   at System.Data.SqlClient.SqlCommand.CompleteAsyncExecuteReader()
   at System.Data.SqlClient.SqlCommand.EndExecuteNonQueryInternal(IAsyncResult asyncResult)
   at System.Data.SqlClient.SqlCommand.EndExecuteNonQuery(IAsyncResult asyncResult)
   at System.Threading.Tasks.TaskFactory`1.FromAsyncCoreLogic(IAsyncResult iar, Func`2 endFunction, Action`1 endAction, Task`1 promise, Boolean requiresSynchronization)
--- End of stack trace from previous location ---
   at TiendaJapSoftware.Server.Repositorio.RepositorioGeneral.AltaUsuario(Usuario u) in D:\Videos\Ejemplos codigo\TiendaJapSoftware\TiendaJapSoftware\Server\Repositorio\RepositorioGeneral.cs:line 99
ClientConnectionId:ca0bd085-d442-46a8-8dae-f071bae6821e
Error Number:50000,State:1,Class:16
2021-03-10 17:45:12.2011|ERROR|TiendaJapSoftware.Server.Repositorio.RepositorioGeneral|Se produjo un error al dar de alta nuestro usuario en nuestra BBDD :System.Data.SqlClient.SqlException (0x80131904): El usuario especificado ya existe japsoftware@gmail.com
   at System.Data.SqlClient.SqlConnection.OnError(SqlException exception, Boolean breakConnection, Action`1 wrapCloseInAction)
   at System.Data.SqlClient.SqlInternalConnection.OnError(SqlException exception, Boolean breakConnection, Action`1 wrapCloseInAction)
   at System.Data.SqlClient.TdsParser.ThrowExceptionAndWarning(TdsParserStateObject stateObj, Boolean callerHasConnectionLock, Boolean asyncClose)
   at System.Data.SqlClient.TdsParser.TryRun(RunBehavior runBehavior, SqlCommand cmdHandler, SqlDataReader dataStream, BulkCopySimpleResultSet bulkCopyHandler, TdsParserStateObject stateObj, Boolean& dataReady)
   at System.Data.SqlClient.SqlCommand.FinishExecuteReader(SqlDataReader ds, RunBehavior runBehavior, String resetOptionsString)
   at System.Data.SqlClient.SqlCommand.CompleteAsyncExecuteReader()
   at System.Data.SqlClient.SqlCommand.EndExecuteNonQueryInternal(IAsyncResult asyncResult)
   at System.Data.SqlClient.SqlCommand.EndExecuteNonQuery(IAsyncResult asyncResult)
   at System.Threading.Tasks.TaskFactory`1.FromAsyncCoreLogic(IAsyncResult iar, Func`2 endFunction, Action`1 endAction, Task`1 promise, Boolean requiresSynchronization)
--- End of stack trace from previous location ---
   at TiendaJapSoftware.Server.Repositorio.RepositorioGeneral.AltaUsuario(Usuario u) in D:\Videos\Ejemplos codigo\TiendaJapSoftware\TiendaJapSoftware\Server\Repositorio\RepositorioGeneral.cs:line 99
ClientConnectionId:ca0bd085-d442-46a8-8dae-f071bae6821e
Error Number:50000,State:1,Class:16
2021-03-10 17:46:39.4109|ERROR|TiendaJapSoftware.Server.Repositorio.RepositorioGeneral|Se produjo un error al dar de alta nuestro usuario en nuestra BBDD :System.Data.SqlClient.SqlException (0x80131904): El usuario especificado ya existe japsoftware@gmail.com
   at System.Data.SqlClient.SqlConnection.OnError(SqlException exception, Boolean breakConnection, Action`1 wrapCloseInAction)
   at System.Data.SqlClient.SqlInternalConnection.OnError(SqlException exception, Boolean breakConnection, Action`1 wrapCloseInAction)
   at System.Data.SqlClient.TdsParser.ThrowExceptionAndWarning(TdsParserStateObject stateObj, Boolean callerHasConnectionLock, Boolean asyncClose)
   at System.Data.SqlClient.TdsParser.TryRun(RunBehavior runBehavior, SqlCommand cmdHandler, SqlDataReader dataStream, BulkCopySimpleResultSet bulkCopyHandler, TdsParserStateObject stateObj, Boolean& dataReady)
   at System.Data.SqlClient.SqlCommand.FinishExecuteReader(SqlDataReader ds, RunBehavior runBehavior, String resetOptionsString)
   at System.Data.SqlClient.SqlCommand.CompleteAsyncExecuteReader()
   at System.Data.SqlClient.SqlCommand.EndExecuteNonQueryInternal(IAsyncResult asyncResult)
   at System.Data.SqlClient.SqlCommand.EndExecuteNonQuery(IAsyncResult asyncResult)
   at System.Threading.Tasks.TaskFactory`1.FromAsyncCoreLogic(IAsyncResult iar, Func`2 endFunction, Action`1 endAction, Task`1 promise, Boolean requiresSynchronization)
--- End of stack trace from previous location ---
   at TiendaJapSoftware.Server.Repositorio.RepositorioGeneral.AltaUsuario(Usuario u) in D:\Videos\Ejemplos codigo\TiendaJapSoftware\TiendaJapSoftware\Server\Repositorio\RepositorioGeneral.cs:line 99
ClientConnectionId:f2dde6c6-2523-44b1-a89e-8192e931b5b3
Error Number:50000,State:1,Class:16
2021-03-10 17:48:08.4200|ERROR|TiendaJapSoftware.Server.Repositorio.RepositorioGeneral|Se produjo un error al dar de alta nuestro usuario en nuestra BBDD :System.Data.SqlClient.SqlException (0x80131904): El usuario especificado ya existe japsoftware@gmail.com
   at System.Data.SqlClient.SqlConnection.OnError(SqlException exception, Boolean breakConnection, Action`1 wrapCloseInAction)
   at System.Data.SqlClient.SqlInternalConnection.OnError(SqlException exception, Boolean breakConnection, Action`1 wrapCloseInAction)
   at System.Data.SqlClient.TdsParser.ThrowExceptionAndWarning(TdsParserStateObject stateObj, Boolean callerHasConnectionLock, Boolean asyncClose)
   at System.Data.SqlClient.TdsParser.TryRun(RunBehavior runBehavior, SqlCommand cmdHandler, SqlDataReader dataStream, BulkCopySimpleResultSet bulkCopyHandler, TdsParserStateObject stateObj, Boolean& dataReady)
   at System.Data.SqlClient.SqlCommand.FinishExecuteReader(SqlDataReader ds, RunBehavior runBehavior, String resetOptionsString)
   at System.Data.SqlClient.SqlCommand.CompleteAsyncExecuteReader()
   at System.Data.SqlClient.SqlCommand.EndExecuteNonQueryInternal(IAsyncResult asyncResult)
   at System.Data.SqlClient.SqlCommand.EndExecuteNonQuery(IAsyncResult asyncResult)
   at System.Threading.Tasks.TaskFactory`1.FromAsyncCoreLogic(IAsyncResult iar, Func`2 endFunction, Action`1 endAction, Task`1 promise, Boolean requiresSynchronization)
--- End of stack trace from previous location ---
   at TiendaJapSoftware.Server.Repositorio.RepositorioGeneral.AltaUsuario(Usuario u) in D:\Videos\Ejemplos codigo\TiendaJapSoftware\TiendaJapSoftware\Server\Repositorio\RepositorioGeneral.cs:line 99
ClientConnectionId:459103e7-162a-4046-ae70-a4382c8ed339
Error Number:50000,State:1,Class:16
2021-03-10 17:48:46.6086|ERROR|TiendaJapSoftware.Server.Repositorio.RepositorioGeneral|Se produjo un error al dar de alta nuestro usuario en nuestra BBDD :System.Data.SqlClient.SqlException (0x80131904): El usuario especificado ya existe japsoftware37@gmail.com
   at System.Data.SqlClient.SqlConnection.OnError(SqlException exception, Boolean breakConnection, Action`1 wrapCloseInAction)
   at System.Data.SqlClient.SqlInternalConnection.OnError(SqlException exception, Boolean breakConnection, Action`1 wrapCloseInAction)
   at System.Data.SqlClient.TdsParser.ThrowExceptionAndWarning(TdsParserStateObject stateObj, Boolean callerHasConnectionLock, Boolean asyncClose)
   at System.Data.SqlClient.TdsParser.TryRun(RunBehavior runBehavior, SqlCommand cmdHandler, SqlDataReader dataStream, BulkCopySimpleResultSet bulkCopyHandler, TdsParserStateObject stateObj, Boolean& dataReady)
   at System.Data.SqlClient.SqlCommand.FinishExecuteReader(SqlDataReader ds, RunBehavior runBehavior, String resetOptionsString)
   at System.Data.SqlClient.SqlCommand.CompleteAsyncExecuteReader()
   at System.Data.SqlClient.SqlCommand.EndExecuteNonQueryInternal(IAsyncResult asyncResult)
   at System.Data.SqlClient.SqlCommand.EndExecuteNonQuery(IAsyncResult asyncResult)
   at System.Threading.Tasks.TaskFactory`1.FromAsyncCoreLogic(IAsyncResult iar, Func`2 endFunction, Action`1 endAction, Task`1 promise, Boolean requiresSynchronization)
--- End of stack trace from previous location ---
   at TiendaJapSoftware.Server.Repositorio.RepositorioGeneral.AltaUsuario(Usuario u) in D:\Videos\Ejemplos codigo\TiendaJapSoftware\TiendaJapSoftware\Server\Repositorio\RepositorioGeneral.cs:line 99
ClientConnectionId:459103e7-162a-4046-ae70-a4382c8ed339
Error Number:50000,State:1,Class:16
2021-03-10 18:36:04.6907|ERROR|TiendaJapSoftware.Server.Repositorio.RepositorioGeneral|Se produjo un error al dar de alta nuestro usuario en nuestra BBDD :System.Data.SqlClient.SqlException (0x80131904): El usuario especificado ya existe japsoftware@gmail.com
   at System.Data.SqlClient.SqlConnection.OnError(SqlException exception, Boolean breakConnection, Action`1 wrapCloseInAction)
   at System.Data.SqlClient.SqlInternalConnection.OnError(SqlException exception, Boolean breakConnection, Action`1 wrapCloseInAction)
   at System.Data.SqlClient.TdsParser.ThrowExceptionAndWarning(TdsParserStateObject stateObj, Boolean callerHasConnectionLock, Boolean asyncClose)
   at System.Data.SqlClient.TdsParser.TryRun(RunBehavior runBehavior, SqlCommand cmdHandler, SqlDataReader dataStream, BulkCopySimpleResultSet bulkCopyHandler, TdsParserStateObject stateObj, Boolean& dataReady)
   at System.Data.SqlClient.SqlCommand.FinishExecuteReader(SqlDataReader ds, RunBehavior runBehavior, String resetOptionsString)
   at System.Data.SqlClient.SqlCommand.CompleteAsyncExecuteReader()
   at System.Data.SqlClient.SqlCommand.EndExecuteNonQueryInternal(IAsyncResult asyncResult)
   at System.Data.SqlClient.SqlCommand.EndExecuteNonQuery(IAsyncResult asyncResult)
   at System.Threading.Tasks.TaskFactory`1.FromAsyncCoreLogic(IAsyncResult iar, Func`2 endFunction, Action`1 endAction, Task`1 promise, Boolean requiresSynchronization)
--- End of stack trace from previous location ---
   at TiendaJapSoftware.Server.Repositorio.RepositorioGeneral.AltaUsuario(Usuario u) in D:\Videos\Ejemplos codigo\TiendaJapSoftware\TiendaJapSoftware\Server\Repositorio\RepositorioGeneral.cs:line 99
ClientConnectionId:7a891b2a-266c-48fc-bb11-7d0041ff6024
Error Number:50000,State:1,Class:16
2021-03-10 19:02:48.5574|ERROR|TiendaJapSoftware.Server.Repositorio.RepositorioGeneral|Se produjo un error al activar el usuario:System.Data.SqlClient.SqlException (0x80131904): El usuario especificado no existe o ya esta activado japsoftware40@gmail.com
   at System.Data.SqlClient.SqlConnection.OnError(SqlException exception, Boolean breakConnection, Action`1 wrapCloseInAction)
   at System.Data.SqlClient.SqlInternalConnection.OnError(SqlException exception, Boolean breakConnection, Action`1 wrapCloseInAction)
   at System.Data.SqlClient.TdsParser.ThrowExceptionAndWarning(TdsParserStateObject stateObj, Boolean callerHasConnectionLock, Boolean asyncClose)
   at System.Data.SqlClient.TdsParser.TryRun(RunBehavior runBehavior, SqlCommand cmdHandler, SqlDataReader dataStream, BulkCopySimpleResultSet bulkCopyHandler, TdsParserStateObject stateObj, Boolean& dataReady)
   at System.Data.SqlClient.SqlCommand.FinishExecuteReader(SqlDataReader ds, RunBehavior runBehavior, String resetOptionsString)
   at System.Data.SqlClient.SqlCommand.CompleteAsyncExecuteReader()
   at System.Data.SqlClient.SqlCommand.EndExecuteNonQueryInternal(IAsyncResult asyncResult)
   at System.Data.SqlClient.SqlCommand.EndExecuteNonQuery(IAsyncResult asyncResult)
   at System.Threading.Tasks.TaskFactory`1.FromAsyncCoreLogic(IAsyncResult iar, Func`2 endFunction, Action`1 endAction, Task`1 promise, Boolean requiresSynchronization)
--- End of stack trace from previous location ---
   at TiendaJapSoftware.Server.Repositorio.RepositorioGeneral.ConfirmarAlta(String email) in D:\Videos\Ejemplos codigo\TiendaJapSoftware\TiendaJapSoftware\Server\Repositorio\RepositorioGeneral.cs:line 436
ClientConnectionId:5ebe99b0-4128-4ef1-aa4c-2423473d4596
Error Number:50000,State:1,Class:16
