2021-02-18 09:59:01.3068|ERROR|TiendaJapSoftware.Server.Repositorio.RepositorioGeneral|Se produjo un error al dar de alta nuestro usuario en nuestra BBDD :System.Data.SqlClient.SqlException (0x80131904): El usuario especificado ya existe japsoftware@gmail.com
   at System.Data.SqlClient.SqlConnection.OnError(SqlException exception, Boolean breakConnection, Action`1 wrapCloseInAction)
   at System.Data.SqlClient.SqlInternalConnection.OnError(SqlException exception, Boolean breakConnection, Action`1 wrapCloseInAction)
   at System.Data.SqlClient.TdsParser.ThrowExceptionAndWarning(TdsParserStateObject stateObj, Boolean callerHasConnectionLock, Boolean asyncClose)
   at System.Data.SqlClient.TdsParser.TryRun(RunBehavior runBehavior, SqlCommand cmdHandler, SqlDataReader dataStream, BulkCopySimpleResultSet bulkCopyHandler, TdsParserStateObject stateObj, Boolean& dataReady)
   at System.Data.SqlClient.SqlCommand.FinishExecuteReader(SqlDataReader ds, RunBehavior runBehavior, String resetOptionsString)
   at System.Data.SqlClient.SqlCommand.CompleteAsyncExecuteReader()
   at System.Data.SqlClient.SqlCommand.EndExecuteNonQueryInternal(IAsyncResult asyncResult)
   at System.Data.SqlClient.SqlCommand.EndExecuteNonQuery(IAsyncResult asyncResult)
   at System.Threading.Tasks.TaskFactory`1.FromAsyncCoreLogic(IAsyncResult iar, Func`2 endFunction, Action`1 endAction, Task`1 promise, Boolean requiresSynchronization)
--- End of stack trace from previous location ---
   at TiendaJapSoftware.Server.Repositorio.RepositorioGeneral.AltaUsuario(Usuario u) in D:\Videos\Ejemplos codigo\TiendaJapSoftware\TiendaJapSoftware\Server\Repositorio\RepositorioGeneral.cs:line 99
ClientConnectionId:897afd17-e072-4500-86ae-13e3c738212f
Error Number:50000,State:1,Class:16
2021-02-18 10:33:03.9009|ERROR|TiendaJapSoftware.Server.Repositorio.RepositorioGeneral|Se produjo un error al dar de alta nuestro usuario en nuestra BBDD :System.Data.SqlClient.SqlException (0x80131904): El usuario especificado ya existe japsoftware@gmail.com
   at System.Data.SqlClient.SqlConnection.OnError(SqlException exception, Boolean breakConnection, Action`1 wrapCloseInAction)
   at System.Data.SqlClient.SqlInternalConnection.OnError(SqlException exception, Boolean breakConnection, Action`1 wrapCloseInAction)
   at System.Data.SqlClient.TdsParser.ThrowExceptionAndWarning(TdsParserStateObject stateObj, Boolean callerHasConnectionLock, Boolean asyncClose)
   at System.Data.SqlClient.TdsParser.TryRun(RunBehavior runBehavior, SqlCommand cmdHandler, SqlDataReader dataStream, BulkCopySimpleResultSet bulkCopyHandler, TdsParserStateObject stateObj, Boolean& dataReady)
   at System.Data.SqlClient.SqlCommand.FinishExecuteReader(SqlDataReader ds, RunBehavior runBehavior, String resetOptionsString)
   at System.Data.SqlClient.SqlCommand.CompleteAsyncExecuteReader()
   at System.Data.SqlClient.SqlCommand.EndExecuteNonQueryInternal(IAsyncResult asyncResult)
   at System.Data.SqlClient.SqlCommand.EndExecuteNonQuery(IAsyncResult asyncResult)
   at System.Threading.Tasks.TaskFactory`1.FromAsyncCoreLogic(IAsyncResult iar, Func`2 endFunction, Action`1 endAction, Task`1 promise, Boolean requiresSynchronization)
--- End of stack trace from previous location ---
   at TiendaJapSoftware.Server.Repositorio.RepositorioGeneral.AltaUsuario(Usuario u) in D:\Videos\Ejemplos codigo\TiendaJapSoftware\TiendaJapSoftware\Server\Repositorio\RepositorioGeneral.cs:line 99
ClientConnectionId:3056a84d-dc5d-41aa-a614-289aedad3c48
Error Number:50000,State:1,Class:16
2021-02-18 10:52:36.1383|ERROR|TiendaJapSoftware.Server.Repositorio.RepositorioGeneral|Se produjo un error al dar de alta nuestro usuario en nuestra BBDD :System.Data.SqlClient.SqlException (0x80131904): El usuario especificado ya existe japsoftware@gmail.com
   at System.Data.SqlClient.SqlConnection.OnError(SqlException exception, Boolean breakConnection, Action`1 wrapCloseInAction)
   at System.Data.SqlClient.SqlInternalConnection.OnError(SqlException exception, Boolean breakConnection, Action`1 wrapCloseInAction)
   at System.Data.SqlClient.TdsParser.ThrowExceptionAndWarning(TdsParserStateObject stateObj, Boolean callerHasConnectionLock, Boolean asyncClose)
   at System.Data.SqlClient.TdsParser.TryRun(RunBehavior runBehavior, SqlCommand cmdHandler, SqlDataReader dataStream, BulkCopySimpleResultSet bulkCopyHandler, TdsParserStateObject stateObj, Boolean& dataReady)
   at System.Data.SqlClient.SqlCommand.FinishExecuteReader(SqlDataReader ds, RunBehavior runBehavior, String resetOptionsString)
   at System.Data.SqlClient.SqlCommand.CompleteAsyncExecuteReader()
   at System.Data.SqlClient.SqlCommand.EndExecuteNonQueryInternal(IAsyncResult asyncResult)
   at System.Data.SqlClient.SqlCommand.EndExecuteNonQuery(IAsyncResult asyncResult)
   at System.Threading.Tasks.TaskFactory`1.FromAsyncCoreLogic(IAsyncResult iar, Func`2 endFunction, Action`1 endAction, Task`1 promise, Boolean requiresSynchronization)
--- End of stack trace from previous location ---
   at TiendaJapSoftware.Server.Repositorio.RepositorioGeneral.AltaUsuario(Usuario u) in D:\Videos\Ejemplos codigo\TiendaJapSoftware\TiendaJapSoftware\Server\Repositorio\RepositorioGeneral.cs:line 99
ClientConnectionId:7e555c02-39a2-4177-91c5-d383a0802863
Error Number:50000,State:1,Class:16
2021-02-18 10:52:55.7310|ERROR|TiendaJapSoftware.Server.Repositorio.RepositorioGeneral|Se produjo un error al dar de alta nuestro usuario en nuestra BBDD :System.Data.SqlClient.SqlException (0x80131904): El usuario especificado ya existe japsoftware@gmail.com
   at System.Data.SqlClient.SqlConnection.OnError(SqlException exception, Boolean breakConnection, Action`1 wrapCloseInAction)
   at System.Data.SqlClient.SqlInternalConnection.OnError(SqlException exception, Boolean breakConnection, Action`1 wrapCloseInAction)
   at System.Data.SqlClient.TdsParser.ThrowExceptionAndWarning(TdsParserStateObject stateObj, Boolean callerHasConnectionLock, Boolean asyncClose)
   at System.Data.SqlClient.TdsParser.TryRun(RunBehavior runBehavior, SqlCommand cmdHandler, SqlDataReader dataStream, BulkCopySimpleResultSet bulkCopyHandler, TdsParserStateObject stateObj, Boolean& dataReady)
   at System.Data.SqlClient.SqlCommand.FinishExecuteReader(SqlDataReader ds, RunBehavior runBehavior, String resetOptionsString)
   at System.Data.SqlClient.SqlCommand.CompleteAsyncExecuteReader()
   at System.Data.SqlClient.SqlCommand.EndExecuteNonQueryInternal(IAsyncResult asyncResult)
   at System.Data.SqlClient.SqlCommand.EndExecuteNonQuery(IAsyncResult asyncResult)
   at System.Threading.Tasks.TaskFactory`1.FromAsyncCoreLogic(IAsyncResult iar, Func`2 endFunction, Action`1 endAction, Task`1 promise, Boolean requiresSynchronization)
--- End of stack trace from previous location ---
   at TiendaJapSoftware.Server.Repositorio.RepositorioGeneral.AltaUsuario(Usuario u) in D:\Videos\Ejemplos codigo\TiendaJapSoftware\TiendaJapSoftware\Server\Repositorio\RepositorioGeneral.cs:line 99
ClientConnectionId:7e555c02-39a2-4177-91c5-d383a0802863
Error Number:50000,State:1,Class:16
2021-02-18 10:58:54.3183|ERROR|TiendaJapSoftware.Server.Repositorio.RepositorioGeneral|Se produjo un error al dar de alta nuestro usuario en nuestra BBDD :System.Data.SqlClient.SqlException (0x80131904): El usuario especificado ya existe japsoftware@gmail.com
   at System.Data.SqlClient.SqlConnection.OnError(SqlException exception, Boolean breakConnection, Action`1 wrapCloseInAction)
   at System.Data.SqlClient.SqlInternalConnection.OnError(SqlException exception, Boolean breakConnection, Action`1 wrapCloseInAction)
   at System.Data.SqlClient.TdsParser.ThrowExceptionAndWarning(TdsParserStateObject stateObj, Boolean callerHasConnectionLock, Boolean asyncClose)
   at System.Data.SqlClient.TdsParser.TryRun(RunBehavior runBehavior, SqlCommand cmdHandler, SqlDataReader dataStream, BulkCopySimpleResultSet bulkCopyHandler, TdsParserStateObject stateObj, Boolean& dataReady)
   at System.Data.SqlClient.SqlCommand.FinishExecuteReader(SqlDataReader ds, RunBehavior runBehavior, String resetOptionsString)
   at System.Data.SqlClient.SqlCommand.CompleteAsyncExecuteReader()
   at System.Data.SqlClient.SqlCommand.EndExecuteNonQueryInternal(IAsyncResult asyncResult)
   at System.Data.SqlClient.SqlCommand.EndExecuteNonQuery(IAsyncResult asyncResult)
   at System.Threading.Tasks.TaskFactory`1.FromAsyncCoreLogic(IAsyncResult iar, Func`2 endFunction, Action`1 endAction, Task`1 promise, Boolean requiresSynchronization)
--- End of stack trace from previous location ---
   at TiendaJapSoftware.Server.Repositorio.RepositorioGeneral.AltaUsuario(Usuario u) in D:\Videos\Ejemplos codigo\TiendaJapSoftware\TiendaJapSoftware\Server\Repositorio\RepositorioGeneral.cs:line 99
ClientConnectionId:9d39e8fd-e242-4546-9448-50ef73d38a19
Error Number:50000,State:1,Class:16
2021-02-18 11:12:12.9440|ERROR|TiendaJapSoftware.Server.Repositorio.RepositorioGeneral|Se produjo un error al dar de alta nuestro usuario en nuestra BBDD :System.Data.SqlClient.SqlException (0x80131904): El usuario especificado ya existe japsoftware@gmail.com
   at System.Data.SqlClient.SqlConnection.OnError(SqlException exception, Boolean breakConnection, Action`1 wrapCloseInAction)
   at System.Data.SqlClient.SqlInternalConnection.OnError(SqlException exception, Boolean breakConnection, Action`1 wrapCloseInAction)
   at System.Data.SqlClient.TdsParser.ThrowExceptionAndWarning(TdsParserStateObject stateObj, Boolean callerHasConnectionLock, Boolean asyncClose)
   at System.Data.SqlClient.TdsParser.TryRun(RunBehavior runBehavior, SqlCommand cmdHandler, SqlDataReader dataStream, BulkCopySimpleResultSet bulkCopyHandler, TdsParserStateObject stateObj, Boolean& dataReady)
   at System.Data.SqlClient.SqlCommand.FinishExecuteReader(SqlDataReader ds, RunBehavior runBehavior, String resetOptionsString)
   at System.Data.SqlClient.SqlCommand.CompleteAsyncExecuteReader()
   at System.Data.SqlClient.SqlCommand.EndExecuteNonQueryInternal(IAsyncResult asyncResult)
   at System.Data.SqlClient.SqlCommand.EndExecuteNonQuery(IAsyncResult asyncResult)
   at System.Threading.Tasks.TaskFactory`1.FromAsyncCoreLogic(IAsyncResult iar, Func`2 endFunction, Action`1 endAction, Task`1 promise, Boolean requiresSynchronization)
--- End of stack trace from previous location ---
   at TiendaJapSoftware.Server.Repositorio.RepositorioGeneral.AltaUsuario(Usuario u) in D:\Videos\Ejemplos codigo\TiendaJapSoftware\TiendaJapSoftware\Server\Repositorio\RepositorioGeneral.cs:line 99
ClientConnectionId:6fe6f253-a25e-46e2-948a-4e1d4d0fb0e3
Error Number:50000,State:1,Class:16
2021-02-18 11:23:33.6539|ERROR|TiendaJapSoftware.Server.Repositorio.RepositorioGeneral|Se produjo un error al dar de alta nuestro usuario en nuestra BBDD :System.Data.SqlClient.SqlException (0x80131904): El usuario especificado ya existe japsoftware@gmail.com
   at System.Data.SqlClient.SqlConnection.OnError(SqlException exception, Boolean breakConnection, Action`1 wrapCloseInAction)
   at System.Data.SqlClient.SqlInternalConnection.OnError(SqlException exception, Boolean breakConnection, Action`1 wrapCloseInAction)
   at System.Data.SqlClient.TdsParser.ThrowExceptionAndWarning(TdsParserStateObject stateObj, Boolean callerHasConnectionLock, Boolean asyncClose)
   at System.Data.SqlClient.TdsParser.TryRun(RunBehavior runBehavior, SqlCommand cmdHandler, SqlDataReader dataStream, BulkCopySimpleResultSet bulkCopyHandler, TdsParserStateObject stateObj, Boolean& dataReady)
   at System.Data.SqlClient.SqlCommand.FinishExecuteReader(SqlDataReader ds, RunBehavior runBehavior, String resetOptionsString)
   at System.Data.SqlClient.SqlCommand.CompleteAsyncExecuteReader()
   at System.Data.SqlClient.SqlCommand.EndExecuteNonQueryInternal(IAsyncResult asyncResult)
   at System.Data.SqlClient.SqlCommand.EndExecuteNonQuery(IAsyncResult asyncResult)
   at System.Threading.Tasks.TaskFactory`1.FromAsyncCoreLogic(IAsyncResult iar, Func`2 endFunction, Action`1 endAction, Task`1 promise, Boolean requiresSynchronization)
--- End of stack trace from previous location ---
   at TiendaJapSoftware.Server.Repositorio.RepositorioGeneral.AltaUsuario(Usuario u) in D:\Videos\Ejemplos codigo\TiendaJapSoftware\TiendaJapSoftware\Server\Repositorio\RepositorioGeneral.cs:line 99
ClientConnectionId:b6bd7ec5-223e-41e5-8c60-ff9f1a9b7f8d
Error Number:50000,State:1,Class:16
2021-02-18 11:34:35.6717|ERROR|TiendaJapSoftware.Server.Repositorio.RepositorioGeneral|Se produjo un error al dar de alta nuestro usuario en nuestra BBDD :System.Data.SqlClient.SqlException (0x80131904): El usuario especificado ya existe japsoftware@gmail.com
   at System.Data.SqlClient.SqlConnection.OnError(SqlException exception, Boolean breakConnection, Action`1 wrapCloseInAction)
   at System.Data.SqlClient.SqlInternalConnection.OnError(SqlException exception, Boolean breakConnection, Action`1 wrapCloseInAction)
   at System.Data.SqlClient.TdsParser.ThrowExceptionAndWarning(TdsParserStateObject stateObj, Boolean callerHasConnectionLock, Boolean asyncClose)
   at System.Data.SqlClient.TdsParser.TryRun(RunBehavior runBehavior, SqlCommand cmdHandler, SqlDataReader dataStream, BulkCopySimpleResultSet bulkCopyHandler, TdsParserStateObject stateObj, Boolean& dataReady)
   at System.Data.SqlClient.SqlCommand.FinishExecuteReader(SqlDataReader ds, RunBehavior runBehavior, String resetOptionsString)
   at System.Data.SqlClient.SqlCommand.CompleteAsyncExecuteReader()
   at System.Data.SqlClient.SqlCommand.EndExecuteNonQueryInternal(IAsyncResult asyncResult)
   at System.Data.SqlClient.SqlCommand.EndExecuteNonQuery(IAsyncResult asyncResult)
   at System.Threading.Tasks.TaskFactory`1.FromAsyncCoreLogic(IAsyncResult iar, Func`2 endFunction, Action`1 endAction, Task`1 promise, Boolean requiresSynchronization)
--- End of stack trace from previous location ---
   at TiendaJapSoftware.Server.Repositorio.RepositorioGeneral.AltaUsuario(Usuario u) in D:\Videos\Ejemplos codigo\TiendaJapSoftware\TiendaJapSoftware\Server\Repositorio\RepositorioGeneral.cs:line 99
ClientConnectionId:8d5c7e9c-35da-4bdd-b14a-5e6f0b244a43
Error Number:50000,State:1,Class:16
2021-02-18 12:16:51.3914|ERROR|TiendaJapSoftware.Server.Repositorio.RepositorioGeneral|Se produjo un error al obtener los datos del usuario :System.Data.SqlClient.SqlException (0x80131904): Este usuario no existe en nuestro sistema
   at System.Data.SqlClient.SqlConnection.OnError(SqlException exception, Boolean breakConnection, Action`1 wrapCloseInAction)
   at System.Data.SqlClient.SqlInternalConnection.OnError(SqlException exception, Boolean breakConnection, Action`1 wrapCloseInAction)
   at System.Data.SqlClient.TdsParser.ThrowExceptionAndWarning(TdsParserStateObject stateObj, Boolean callerHasConnectionLock, Boolean asyncClose)
   at System.Data.SqlClient.TdsParser.TryRun(RunBehavior runBehavior, SqlCommand cmdHandler, SqlDataReader dataStream, BulkCopySimpleResultSet bulkCopyHandler, TdsParserStateObject stateObj, Boolean& dataReady)
   at System.Data.SqlClient.SqlDataReader.TryConsumeMetaData()
   at System.Data.SqlClient.SqlDataReader.get_MetaData()
   at System.Data.SqlClient.SqlCommand.FinishExecuteReader(SqlDataReader ds, RunBehavior runBehavior, String resetOptionsString)
   at System.Data.SqlClient.SqlCommand.CompleteAsyncExecuteReader()
   at System.Data.SqlClient.SqlCommand.InternalEndExecuteReader(IAsyncResult asyncResult, String endMethod)
   at System.Data.SqlClient.SqlCommand.EndExecuteReaderInternal(IAsyncResult asyncResult)
   at System.Data.SqlClient.SqlCommand.EndExecuteReader(IAsyncResult asyncResult)
   at System.Threading.Tasks.TaskFactory`1.FromAsyncCoreLogic(IAsyncResult iar, Func`2 endFunction, Action`1 endAction, Task`1 promise, Boolean requiresSynchronization)
--- End of stack trace from previous location ---
   at TiendaJapSoftware.Server.Repositorio.RepositorioGeneral.ValidarUsuario(String email) in D:\Videos\Ejemplos codigo\TiendaJapSoftware\TiendaJapSoftware\Server\Repositorio\RepositorioGeneral.cs:line 137
ClientConnectionId:a7b26e5e-3649-4424-ae3f-a6ce41fb173c
Error Number:50000,State:1,Class:16
2021-02-18 12:17:04.2897|ERROR|TiendaJapSoftware.Server.Repositorio.RepositorioGeneral|Se produjo un error al obtener los datos del usuario :System.Data.SqlClient.SqlException (0x80131904): Este usuario no existe en nuestro sistema
   at System.Data.SqlClient.SqlConnection.OnError(SqlException exception, Boolean breakConnection, Action`1 wrapCloseInAction)
   at System.Data.SqlClient.SqlInternalConnection.OnError(SqlException exception, Boolean breakConnection, Action`1 wrapCloseInAction)
   at System.Data.SqlClient.TdsParser.ThrowExceptionAndWarning(TdsParserStateObject stateObj, Boolean callerHasConnectionLock, Boolean asyncClose)
   at System.Data.SqlClient.TdsParser.TryRun(RunBehavior runBehavior, SqlCommand cmdHandler, SqlDataReader dataStream, BulkCopySimpleResultSet bulkCopyHandler, TdsParserStateObject stateObj, Boolean& dataReady)
   at System.Data.SqlClient.SqlDataReader.TryConsumeMetaData()
   at System.Data.SqlClient.SqlDataReader.get_MetaData()
   at System.Data.SqlClient.SqlCommand.FinishExecuteReader(SqlDataReader ds, RunBehavior runBehavior, String resetOptionsString)
   at System.Data.SqlClient.SqlCommand.CompleteAsyncExecuteReader()
   at System.Data.SqlClient.SqlCommand.InternalEndExecuteReader(IAsyncResult asyncResult, String endMethod)
   at System.Data.SqlClient.SqlCommand.EndExecuteReaderInternal(IAsyncResult asyncResult)
   at System.Data.SqlClient.SqlCommand.EndExecuteReader(IAsyncResult asyncResult)
   at System.Threading.Tasks.TaskFactory`1.FromAsyncCoreLogic(IAsyncResult iar, Func`2 endFunction, Action`1 endAction, Task`1 promise, Boolean requiresSynchronization)
--- End of stack trace from previous location ---
   at TiendaJapSoftware.Server.Repositorio.RepositorioGeneral.ValidarUsuario(String email) in D:\Videos\Ejemplos codigo\TiendaJapSoftware\TiendaJapSoftware\Server\Repositorio\RepositorioGeneral.cs:line 137
ClientConnectionId:a7b26e5e-3649-4424-ae3f-a6ce41fb173c
Error Number:50000,State:1,Class:16
2021-02-18 12:17:14.3852|ERROR|TiendaJapSoftware.Server.Repositorio.RepositorioGeneral|Se produjo un error al obtener los datos del usuario :System.Data.SqlClient.SqlException (0x80131904): Este usuario no existe en nuestro sistema
   at System.Data.SqlClient.SqlConnection.OnError(SqlException exception, Boolean breakConnection, Action`1 wrapCloseInAction)
   at System.Data.SqlClient.SqlInternalConnection.OnError(SqlException exception, Boolean breakConnection, Action`1 wrapCloseInAction)
   at System.Data.SqlClient.TdsParser.ThrowExceptionAndWarning(TdsParserStateObject stateObj, Boolean callerHasConnectionLock, Boolean asyncClose)
   at System.Data.SqlClient.TdsParser.TryRun(RunBehavior runBehavior, SqlCommand cmdHandler, SqlDataReader dataStream, BulkCopySimpleResultSet bulkCopyHandler, TdsParserStateObject stateObj, Boolean& dataReady)
   at System.Data.SqlClient.SqlDataReader.TryConsumeMetaData()
   at System.Data.SqlClient.SqlDataReader.get_MetaData()
   at System.Data.SqlClient.SqlCommand.FinishExecuteReader(SqlDataReader ds, RunBehavior runBehavior, String resetOptionsString)
   at System.Data.SqlClient.SqlCommand.CompleteAsyncExecuteReader()
   at System.Data.SqlClient.SqlCommand.InternalEndExecuteReader(IAsyncResult asyncResult, String endMethod)
   at System.Data.SqlClient.SqlCommand.EndExecuteReaderInternal(IAsyncResult asyncResult)
   at System.Data.SqlClient.SqlCommand.EndExecuteReader(IAsyncResult asyncResult)
   at System.Threading.Tasks.TaskFactory`1.FromAsyncCoreLogic(IAsyncResult iar, Func`2 endFunction, Action`1 endAction, Task`1 promise, Boolean requiresSynchronization)
--- End of stack trace from previous location ---
   at TiendaJapSoftware.Server.Repositorio.RepositorioGeneral.ValidarUsuario(String email) in D:\Videos\Ejemplos codigo\TiendaJapSoftware\TiendaJapSoftware\Server\Repositorio\RepositorioGeneral.cs:line 137
ClientConnectionId:a7b26e5e-3649-4424-ae3f-a6ce41fb173c
Error Number:50000,State:1,Class:16
